find_header: checking for libxml/xmlversion.h in /opt/include/libxml2,/opt/local/include/libxml2,/usr/local/include/libxml2,/usr/include/libxml2... -------------------- yes

"gcc -o conftest -I/Users/jacob/.rvm/rubies/ruby-2.4.1/include/ruby-2.4.0/x86_64-darwin16 -I/Users/jacob/.rvm/rubies/ruby-2.4.1/include/ruby-2.4.0/ruby/backward -I/Users/jacob/.rvm/rubies/ruby-2.4.1/include/ruby-2.4.0 -I.  -I/usr/local/opt/libyaml/include -I/usr/local/opt/readline/include -I/usr/local/opt/libksba/include -I/usr/local/opt/openssl@1.1/include -D_XOPEN_SOURCE -D_DARWIN_C_SOURCE -D_DARWIN_UNLIMITED_SELECT -D_REENTRANT   -O3 -fno-fast-math -ggdb3 -Wall -Wextra -Wno-unused-parameter -Wno-parentheses -Wno-long-long -Wno-missing-field-initializers -Wno-tautological-compare -Wno-parentheses-equality -Wno-constant-logical-operand -Wno-self-assign -Wunused-variable -Wimplicit-int -Wpointer-arith -Wwrite-strings -Wdeclaration-after-statement -Wshorten-64-to-32 -Wimplicit-function-declaration -Wdivision-by-zero -Wdeprecated-declarations -Wextra-tokens  -fno-common -pipe conftest.c  -L. -L/Users/jacob/.rvm/rubies/ruby-2.4.1/lib -L/usr/local/opt/libyaml/lib -L/usr/local/opt/readline/lib -L/usr/local/opt/libksba/lib -L/usr/local/opt/openssl@1.1/lib -L. -fstack-protector -L/usr/local/opt/libyaml/lib -L/usr/local/opt/readline/lib -L/usr/local/opt/libksba/lib -L/usr/local/opt/openssl@1.1/lib     -lruby.2.4.1  -lpthread -ldl -lobjc "
checked program was:
/* begin */
1: #include "ruby.h"
2: 
3: int main(int argc, char **argv)
4: {
5:   return 0;
6: }
/* end */

"gcc -E -I/Users/jacob/.rvm/rubies/ruby-2.4.1/include/ruby-2.4.0/x86_64-darwin16 -I/Users/jacob/.rvm/rubies/ruby-2.4.1/include/ruby-2.4.0/ruby/backward -I/Users/jacob/.rvm/rubies/ruby-2.4.1/include/ruby-2.4.0 -I.  -I/usr/local/opt/libyaml/include -I/usr/local/opt/readline/include -I/usr/local/opt/libksba/include -I/usr/local/opt/openssl@1.1/include -D_XOPEN_SOURCE -D_DARWIN_C_SOURCE -D_DARWIN_UNLIMITED_SELECT -D_REENTRANT   -O3 -fno-fast-math -ggdb3 -Wall -Wextra -Wno-unused-parameter -Wno-parentheses -Wno-long-long -Wno-missing-field-initializers -Wno-tautological-compare -Wno-parentheses-equality -Wno-constant-logical-operand -Wno-self-assign -Wunused-variable -Wimplicit-int -Wpointer-arith -Wwrite-strings -Wdeclaration-after-statement -Wshorten-64-to-32 -Wimplicit-function-declaration -Wdivision-by-zero -Wdeprecated-declarations -Wextra-tokens  -fno-common -pipe  conftest.c -o conftest.i"
conftest.c:3:10: fatal error: 'libxml/xmlversion.h' file not found
#include <libxml/xmlversion.h>
         ^
1 error generated.
checked program was:
/* begin */
1: #include "ruby.h"
2: 
3: #include <libxml/xmlversion.h>
/* end */

"gcc -E -I/Users/jacob/.rvm/rubies/ruby-2.4.1/include/ruby-2.4.0/x86_64-darwin16 -I/Users/jacob/.rvm/rubies/ruby-2.4.1/include/ruby-2.4.0/ruby/backward -I/Users/jacob/.rvm/rubies/ruby-2.4.1/include/ruby-2.4.0 -I.  -I/usr/local/opt/libyaml/include -I/usr/local/opt/readline/include -I/usr/local/opt/libksba/include -I/usr/local/opt/openssl@1.1/include -D_XOPEN_SOURCE -D_DARWIN_C_SOURCE -D_DARWIN_UNLIMITED_SELECT -D_REENTRANT   -O3 -fno-fast-math -ggdb3 -Wall -Wextra -Wno-unused-parameter -Wno-parentheses -Wno-long-long -Wno-missing-field-initializers -Wno-tautological-compare -Wno-parentheses-equality -Wno-constant-logical-operand -Wno-self-assign -Wunused-variable -Wimplicit-int -Wpointer-arith -Wwrite-strings -Wdeclaration-after-statement -Wshorten-64-to-32 -Wimplicit-function-declaration -Wdivision-by-zero -Wdeprecated-declarations -Wextra-tokens  -fno-common -pipe -I/opt/include/libxml2 conftest.c -o conftest.i"
conftest.c:3:10: fatal error: 'libxml/xmlversion.h' file not found
#include <libxml/xmlversion.h>
         ^
1 error generated.
checked program was:
/* begin */
1: #include "ruby.h"
2: 
3: #include <libxml/xmlversion.h>
/* end */

"gcc -E -I/Users/jacob/.rvm/rubies/ruby-2.4.1/include/ruby-2.4.0/x86_64-darwin16 -I/Users/jacob/.rvm/rubies/ruby-2.4.1/include/ruby-2.4.0/ruby/backward -I/Users/jacob/.rvm/rubies/ruby-2.4.1/include/ruby-2.4.0 -I.  -I/usr/local/opt/libyaml/include -I/usr/local/opt/readline/include -I/usr/local/opt/libksba/include -I/usr/local/opt/openssl@1.1/include -D_XOPEN_SOURCE -D_DARWIN_C_SOURCE -D_DARWIN_UNLIMITED_SELECT -D_REENTRANT   -O3 -fno-fast-math -ggdb3 -Wall -Wextra -Wno-unused-parameter -Wno-parentheses -Wno-long-long -Wno-missing-field-initializers -Wno-tautological-compare -Wno-parentheses-equality -Wno-constant-logical-operand -Wno-self-assign -Wunused-variable -Wimplicit-int -Wpointer-arith -Wwrite-strings -Wdeclaration-after-statement -Wshorten-64-to-32 -Wimplicit-function-declaration -Wdivision-by-zero -Wdeprecated-declarations -Wextra-tokens  -fno-common -pipe -I/opt/local/include/libxml2 conftest.c -o conftest.i"
conftest.c:3:10: fatal error: 'libxml/xmlversion.h' file not found
#include <libxml/xmlversion.h>
         ^
1 error generated.
checked program was:
/* begin */
1: #include "ruby.h"
2: 
3: #include <libxml/xmlversion.h>
/* end */

"gcc -E -I/Users/jacob/.rvm/rubies/ruby-2.4.1/include/ruby-2.4.0/x86_64-darwin16 -I/Users/jacob/.rvm/rubies/ruby-2.4.1/include/ruby-2.4.0/ruby/backward -I/Users/jacob/.rvm/rubies/ruby-2.4.1/include/ruby-2.4.0 -I.  -I/usr/local/opt/libyaml/include -I/usr/local/opt/readline/include -I/usr/local/opt/libksba/include -I/usr/local/opt/openssl@1.1/include -D_XOPEN_SOURCE -D_DARWIN_C_SOURCE -D_DARWIN_UNLIMITED_SELECT -D_REENTRANT   -O3 -fno-fast-math -ggdb3 -Wall -Wextra -Wno-unused-parameter -Wno-parentheses -Wno-long-long -Wno-missing-field-initializers -Wno-tautological-compare -Wno-parentheses-equality -Wno-constant-logical-operand -Wno-self-assign -Wunused-variable -Wimplicit-int -Wpointer-arith -Wwrite-strings -Wdeclaration-after-statement -Wshorten-64-to-32 -Wimplicit-function-declaration -Wdivision-by-zero -Wdeprecated-declarations -Wextra-tokens  -fno-common -pipe -I/usr/local/include/libxml2 conftest.c -o conftest.i"
conftest.c:3:10: fatal error: 'libxml/xmlversion.h' file not found
#include <libxml/xmlversion.h>
         ^
1 error generated.
checked program was:
/* begin */
1: #include "ruby.h"
2: 
3: #include <libxml/xmlversion.h>
/* end */

"gcc -E -I/Users/jacob/.rvm/rubies/ruby-2.4.1/include/ruby-2.4.0/x86_64-darwin16 -I/Users/jacob/.rvm/rubies/ruby-2.4.1/include/ruby-2.4.0/ruby/backward -I/Users/jacob/.rvm/rubies/ruby-2.4.1/include/ruby-2.4.0 -I.  -I/usr/local/opt/libyaml/include -I/usr/local/opt/readline/include -I/usr/local/opt/libksba/include -I/usr/local/opt/openssl@1.1/include -D_XOPEN_SOURCE -D_DARWIN_C_SOURCE -D_DARWIN_UNLIMITED_SELECT -D_REENTRANT   -O3 -fno-fast-math -ggdb3 -Wall -Wextra -Wno-unused-parameter -Wno-parentheses -Wno-long-long -Wno-missing-field-initializers -Wno-tautological-compare -Wno-parentheses-equality -Wno-constant-logical-operand -Wno-self-assign -Wunused-variable -Wimplicit-int -Wpointer-arith -Wwrite-strings -Wdeclaration-after-statement -Wshorten-64-to-32 -Wimplicit-function-declaration -Wdivision-by-zero -Wdeprecated-declarations -Wextra-tokens  -fno-common -pipe -I/usr/include/libxml2 conftest.c -o conftest.i"
checked program was:
/* begin */
1: #include "ruby.h"
2: 
3: #include <libxml/xmlversion.h>
/* end */

--------------------

find_library: checking for xmlParseDoc() in -lxml2... -------------------- yes

"gcc -o conftest -I/Users/jacob/.rvm/rubies/ruby-2.4.1/include/ruby-2.4.0/x86_64-darwin16 -I/Users/jacob/.rvm/rubies/ruby-2.4.1/include/ruby-2.4.0/ruby/backward -I/Users/jacob/.rvm/rubies/ruby-2.4.1/include/ruby-2.4.0 -I. -I/usr/include/libxml2  -I/usr/local/opt/libyaml/include -I/usr/local/opt/readline/include -I/usr/local/opt/libksba/include -I/usr/local/opt/openssl@1.1/include -D_XOPEN_SOURCE -D_DARWIN_C_SOURCE -D_DARWIN_UNLIMITED_SELECT -D_REENTRANT   -O3 -fno-fast-math -ggdb3 -Wall -Wextra -Wno-unused-parameter -Wno-parentheses -Wno-long-long -Wno-missing-field-initializers -Wno-tautological-compare -Wno-parentheses-equality -Wno-constant-logical-operand -Wno-self-assign -Wunused-variable -Wimplicit-int -Wpointer-arith -Wwrite-strings -Wdeclaration-after-statement -Wshorten-64-to-32 -Wimplicit-function-declaration -Wdivision-by-zero -Wdeprecated-declarations -Wextra-tokens  -fno-common -pipe conftest.c  -L. -L/Users/jacob/.rvm/rubies/ruby-2.4.1/lib -L/usr/local/opt/libyaml/lib -L/usr/local/opt/readline/lib -L/usr/local/opt/libksba/lib -L/usr/local/opt/openssl@1.1/lib -L. -fstack-protector -L/usr/local/opt/libyaml/lib -L/usr/local/opt/readline/lib -L/usr/local/opt/libksba/lib -L/usr/local/opt/openssl@1.1/lib     -lruby.2.4.1 -lxml2  -lpthread -ldl -lobjc "
conftest.c:13:57: error: use of undeclared identifier 'xmlParseDoc'
int t(void) { void ((*volatile p)()); p = (void ((*)()))xmlParseDoc; return !p; }
                                                        ^
1 error generated.
checked program was:
/* begin */
 1: #include "ruby.h"
 2: 
 3: /*top*/
 4: extern int t(void);
 5: int main(int argc, char **argv)
 6: {
 7:   if (argc > 1000000) {
 8:     printf("%p", &t);
 9:   }
10: 
11:   return 0;
12: }
13: int t(void) { void ((*volatile p)()); p = (void ((*)()))xmlParseDoc; return !p; }
/* end */

"gcc -o conftest -I/Users/jacob/.rvm/rubies/ruby-2.4.1/include/ruby-2.4.0/x86_64-darwin16 -I/Users/jacob/.rvm/rubies/ruby-2.4.1/include/ruby-2.4.0/ruby/backward -I/Users/jacob/.rvm/rubies/ruby-2.4.1/include/ruby-2.4.0 -I. -I/usr/include/libxml2  -I/usr/local/opt/libyaml/include -I/usr/local/opt/readline/include -I/usr/local/opt/libksba/include -I/usr/local/opt/openssl@1.1/include -D_XOPEN_SOURCE -D_DARWIN_C_SOURCE -D_DARWIN_UNLIMITED_SELECT -D_REENTRANT   -O3 -fno-fast-math -ggdb3 -Wall -Wextra -Wno-unused-parameter -Wno-parentheses -Wno-long-long -Wno-missing-field-initializers -Wno-tautological-compare -Wno-parentheses-equality -Wno-constant-logical-operand -Wno-self-assign -Wunused-variable -Wimplicit-int -Wpointer-arith -Wwrite-strings -Wdeclaration-after-statement -Wshorten-64-to-32 -Wimplicit-function-declaration -Wdivision-by-zero -Wdeprecated-declarations -Wextra-tokens  -fno-common -pipe conftest.c  -L. -L/Users/jacob/.rvm/rubies/ruby-2.4.1/lib -L/usr/local/opt/libyaml/lib -L/usr/local/opt/readline/lib -L/usr/local/opt/libksba/lib -L/usr/local/opt/openssl@1.1/lib -L. -fstack-protector -L/usr/local/opt/libyaml/lib -L/usr/local/opt/readline/lib -L/usr/local/opt/libksba/lib -L/usr/local/opt/openssl@1.1/lib     -lruby.2.4.1 -lxml2  -lpthread -ldl -lobjc "
checked program was:
/* begin */
 1: #include "ruby.h"
 2: 
 3: /*top*/
 4: extern int t(void);
 5: int main(int argc, char **argv)
 6: {
 7:   if (argc > 1000000) {
 8:     printf("%p", &t);
 9:   }
10: 
11:   return 0;
12: }
13: extern void xmlParseDoc();
14: int t(void) { xmlParseDoc(); return 0; }
/* end */

--------------------

have_func: checking for rb_io_bufwrite() in ruby/io.h... -------------------- yes

"gcc -o conftest -I/Users/jacob/.rvm/rubies/ruby-2.4.1/include/ruby-2.4.0/x86_64-darwin16 -I/Users/jacob/.rvm/rubies/ruby-2.4.1/include/ruby-2.4.0/ruby/backward -I/Users/jacob/.rvm/rubies/ruby-2.4.1/include/ruby-2.4.0 -I. -I/usr/include/libxml2  -I/usr/local/opt/libyaml/include -I/usr/local/opt/readline/include -I/usr/local/opt/libksba/include -I/usr/local/opt/openssl@1.1/include -D_XOPEN_SOURCE -D_DARWIN_C_SOURCE -D_DARWIN_UNLIMITED_SELECT -D_REENTRANT   -O3 -fno-fast-math -ggdb3 -Wall -Wextra -Wno-unused-parameter -Wno-parentheses -Wno-long-long -Wno-missing-field-initializers -Wno-tautological-compare -Wno-parentheses-equality -Wno-constant-logical-operand -Wno-self-assign -Wunused-variable -Wimplicit-int -Wpointer-arith -Wwrite-strings -Wdeclaration-after-statement -Wshorten-64-to-32 -Wimplicit-function-declaration -Wdivision-by-zero -Wdeprecated-declarations -Wextra-tokens  -fno-common -pipe conftest.c  -L. -L/Users/jacob/.rvm/rubies/ruby-2.4.1/lib -L/usr/local/opt/libyaml/lib -L/usr/local/opt/readline/lib -L/usr/local/opt/libksba/lib -L/usr/local/opt/openssl@1.1/lib -L. -fstack-protector -L/usr/local/opt/libyaml/lib -L/usr/local/opt/readline/lib -L/usr/local/opt/libksba/lib -L/usr/local/opt/openssl@1.1/lib    -lxml2  -lruby.2.4.1 -lxml2  -lpthread -ldl -lobjc "
checked program was:
/* begin */
 1: #include "ruby.h"
 2: 
 3: #include <ruby/io.h>
 4: 
 5: /*top*/
 6: extern int t(void);
 7: int main(int argc, char **argv)
 8: {
 9:   if (argc > 1000000) {
10:     printf("%p", &t);
11:   }
12: 
13:   return 0;
14: }
15: int t(void) { void ((*volatile p)()); p = (void ((*)()))rb_io_bufwrite; return !p; }
/* end */

--------------------

extconf.h is:
/* begin */
1: #ifndef EXTCONF_H
2: #define EXTCONF_H
3: #define HAVE_RB_IO_BUFWRITE 1
4: #endif
/* end */

